************************************************************************
HSPICE RF -- A-2008.03 (Feb 26 2008)
Copyright (C) 2008 Synopsys,Inc. All rights reserved.
This software and the associated documentation are confidential and
proprietary to Synopsys, Inc. Your use or disclosure of this software
is subject to the terms and conditions of a written license agreement
between you, or your company, and Synopsys, Inc.
************************************************************************

hspicerf 32-bit version A-2008.03 (Feb 26 2008 14:57:57)

machine info: Professional Server 4.0 (Build 9200) 586 on OGULCAN

current time: 02:11:53 04/14/2020

command line: hspicerf comp.sp -o comp

Total number of lines parsed: 397

Resource Usage for Parsing
--------------------------
| CPU Time    | 0.01 sec |
| Peak Memory | 0.03 Mb  |
|------------------------|

Source Files
---------------
| "comp.sp"   |
| "param.cir" |
| "130nm.txt" |
|-------------|

Options
------------------
| Option | Value |
|--------+-------|
| OPFILE | on    |
| POST   | 1     |
| PROBE  | on    |
|----------------|

13 unique instance models are loaded.

Resource Usage for Load Netlist Data
--------------------------
| CPU Time    | 0.00 sec |
| Peak Memory | 0.00 Mb  |
|------------------------|

Netlist Statistics
---------------------
| Type      | Count |
|-----------+-------|
| nmos      | 10    |
| pmos      | 10    |
| capacitor | 2     |
| vsrc      | 4     |
|-------------------|

Summary of Possible Problems in Netlist
-------------------------------------
| Negative resistor             | 0 |
| Negative capacitor            | 0 |
| Negative inductor             | 0 |
| Unconnected node              | 0 |
| Dangling terminal             | 0 |
| Non-rail bulk terminal        | 0 |
| Floating MOS gate             | 0 |
| Floating MOS bulk             | 0 |
| Floating BJT substrate        | 0 |
| Floating controlled input     | 0 |
| Floating current source nodes | 0 |
| Source loop                   | 0 |
|-----------------------------------|

Resource Usage for Netlist Check
--------------------------
| CPU Time    | 0.00 sec |
| Peak Memory | 0.00 Mb  |
|------------------------|

Number of nodes: 19

Total number of nodes (including internal nodes): 19

Resource Usage for Netlist Data Compression
--------------------------
| CPU Time    | 0.00 sec |
| Peak Memory | 0.00 Mb  |
|------------------------|

Simulation

Resource Usage for Operating Point
--------------------------
| CPU Time    | 0.00 sec |
| Peak Memory | 0.00 Mb  |
|------------------------|

Transient Analysis
10.0% time = 10.0 ns ( etc = 0.0 sec, ett = 0.0 sec )
( slv=1092 evl=769 rej=12 mem=0 cpu=0 wall=0 )
20.0% time = 20.0 ns ( etc = 0.0 sec, ett = 0.0 sec )
( slv=2267 evl=1633 rej=24 mem=0 cpu=0 wall=0 )
30.0% time = 30.0 ns ( etc = 0.0 sec, ett = 0.0 sec )
( slv=3555 evl=2601 rej=36 mem=0 cpu=0 wall=0 )
40.0% time = 40.0 ns ( etc = 0.0 sec, ett = 0.0 sec )
( slv=4668 evl=3382 rej=49 mem=0 cpu=0 wall=0 )
50.0% time = 50.0 ns ( etc = 0.0 sec, ett = 0.0 sec )
( slv=6268 evl=4666 rej=63 mem=0 cpu=0 wall=0 )
60.0% time = 60.0 ns ( etc = 0.0 sec, ett = 0.0 sec )
( slv=7615 evl=5680 rej=77 mem=0 cpu=0 wall=0 )
70.0% time = 70.0 ns ( etc = 0.0 sec, ett = 0.0 sec )
( slv=8971 evl=6731 rej=90 mem=0 cpu=0 wall=0 )
80.0% time = 80.0 ns ( etc = 0.0 sec, ett = 0.0 sec )
( slv=9874 evl=7323 rej=100 mem=0 cpu=0 wall=0 )
90.0% time = 90.0 ns ( etc = 0.0 sec, ett = 0.0 sec )
( slv=10704 evl=7815 rej=112 mem=0 cpu=0 wall=0 )
100.0% time = 100.0 ns ( etc = 0.0 sec, ett = 1.0 sec )
( slv=11680 evl=8477 rej=129 mem=0 cpu=1 wall=1 )

solve = 11680 eval = 8477 reject = 129
******
***
****** transient analysis temp= 25
******
avgpower= 8.125503e-004 from= 0.000e+000 to= 1.000e-007
offset= 9.708439e-005 from= 0.000e+000 to= 1.000e-007
rsarea= 2.888912e-010 from= 0.000e+000 to= 1.000e-007
tdlay= 2.535850e-009 targ= 5.157e-008 trig= 4.904e-008
zzztemp= 6.000971e-001 when/at=5.024e-008



Transient time = 0.875 cpu sec, 1 wall sec

Resource Usage for Transient Analysis
--------------------------
| CPU Time    | 0.88 sec |
| Peak Memory | 0.00 Mb  |
|------------------------|

--- hspicerf done [comp.sp] ---

Total time = 0.89 cpu sec

Total memory = 0.00 Mbytes





See "comp.lis" for results and statistics.
