************************************************************************
HSPICE RF -- A-2008.03 (Feb 26 2008)
Copyright (C) 2008 Synopsys,Inc. All rights reserved.
This software and the associated documentation are confidential and
proprietary to Synopsys, Inc. Your use or disclosure of this software
is subject to the terms and conditions of a written license agreement
between you, or your company, and Synopsys, Inc.
************************************************************************

hspicerf 32-bit version A-2008.03 (Feb 26 2008 14:57:57)

machine info: Professional Server 4.0 (Build 9200) 586 on OGULCAN

current time: 01:43:17 04/14/2020

command line: hspicerf comp.sp -o comp

Total number of lines parsed: 397

Resource Usage for Parsing
--------------------------
| CPU Time    | 0.00 sec |
| Peak Memory | 0.03 Mb  |
|------------------------|

Source Files
---------------
| "comp.sp"   |
| "param.cir" |
| "130nm.txt" |
|-------------|

Options
------------------
| Option | Value |
|--------+-------|
| OPFILE | on    |
| POST   | 1     |
| PROBE  | on    |
|----------------|

13 unique instance models are loaded.

Resource Usage for Load Netlist Data
--------------------------
| CPU Time    | 0.00 sec |
| Peak Memory | 0.00 Mb  |
|------------------------|

Netlist Statistics
---------------------
| Type      | Count |
|-----------+-------|
| nmos      | 10    |
| pmos      | 10    |
| capacitor | 2     |
| vsrc      | 4     |
|-------------------|

Summary of Possible Problems in Netlist
-------------------------------------
| Negative resistor             | 0 |
| Negative capacitor            | 0 |
| Negative inductor             | 0 |
| Unconnected node              | 0 |
| Dangling terminal             | 0 |
| Non-rail bulk terminal        | 0 |
| Floating MOS gate             | 0 |
| Floating MOS bulk             | 0 |
| Floating BJT substrate        | 0 |
| Floating controlled input     | 0 |
| Floating current source nodes | 0 |
| Source loop                   | 0 |
|-----------------------------------|

Resource Usage for Netlist Check
--------------------------
| CPU Time    | 0.00 sec |
| Peak Memory | 0.00 Mb  |
|------------------------|

Number of nodes: 19

Total number of nodes (including internal nodes): 19

Resource Usage for Netlist Data Compression
--------------------------
| CPU Time    | 0.00 sec |
| Peak Memory | 0.00 Mb  |
|------------------------|

Simulation

Resource Usage for Operating Point
--------------------------
| CPU Time    | 0.00 sec |
| Peak Memory | 0.00 Mb  |
|------------------------|

Transient Analysis
10.0% time = 10.0 ns ( etc = 0.0 sec, ett = 0.0 sec )
( slv=1294 evl=950 rej=18 mem=0 cpu=0 wall=0 )
20.0% time = 20.0 ns ( etc = 0.0 sec, ett = 0.0 sec )
( slv=2351 evl=1692 rej=33 mem=0 cpu=0 wall=0 )
30.0% time = 30.0 ns ( etc = 0.0 sec, ett = 0.0 sec )
( slv=3490 evl=2514 rej=49 mem=0 cpu=0 wall=0 )
40.0% time = 40.0 ns ( etc = 0.0 sec, ett = 0.0 sec )
( slv=4431 evl=3136 rej=63 mem=0 cpu=0 wall=0 )
50.0% time = 50.0 ns ( etc = 0.0 sec, ett = 0.0 sec )
( slv=5249 evl=3614 rej=79 mem=0 cpu=0 wall=0 )
60.0% time = 60.0 ns ( etc = 0.0 sec, ett = 0.0 sec )
( slv=6249 evl=4208 rej=102 mem=0 cpu=0 wall=0 )
70.0% time = 70.0 ns ( etc = 0.0 sec, ett = 0.0 sec )
( slv=7262 evl=4880 rej=119 mem=0 cpu=0 wall=0 )
80.0% time = 80.0 ns ( etc = 0.0 sec, ett = 0.0 sec )
( slv=8338 evl=5627 rej=136 mem=0 cpu=0 wall=0 )
90.0% time = 90.0 ns ( etc = 0.0 sec, ett = 1.0 sec )
( slv=9492 evl=6440 rej=156 mem=0 cpu=1 wall=1 )
100.0% time = 100.0 ns ( etc = 0.0 sec, ett = 1.0 sec )
( slv=10798 evl=7418 rej=175 mem=0 cpu=1 wall=1 )

solve = 10798 eval = 7418 reject = 175
******
***
****** transient analysis temp= 25
******
avgpower= 1.236241e-003 from= 0.000e+000 to= 1.000e-007
offset= 1.372703e-005 from= 0.000e+000 to= 1.000e-007
rsarea= 3.755855e-010 from= 0.000e+000 to= 1.000e-007
tdlay= 4.522535e-009 targ= 5.404e-008 trig= 4.952e-008
zzztemp= 5.999863e-001 when/at=4.997e-008



Transient time = 1.025 cpu sec, 1 wall sec

Resource Usage for Transient Analysis
--------------------------
| CPU Time    | 1.03 sec |
| Peak Memory | 0.00 Mb  |
|------------------------|

--- hspicerf done [comp.sp] ---

Total time = 1.04 cpu sec

Total memory = 0.00 Mbytes





See "comp.lis" for results and statistics.
