************************************************************************
HSPICE RF -- A-2008.03 (Feb 26 2008)
Copyright (C) 2008 Synopsys,Inc. All rights reserved.
This software and the associated documentation are confidential and
proprietary to Synopsys, Inc. Your use or disclosure of this software
is subject to the terms and conditions of a written license agreement
between you, or your company, and Synopsys, Inc.
************************************************************************

hspicerf 32-bit version A-2008.03 (Feb 26 2008 14:57:57)

machine info: Professional Server 4.0 (Build 9200) 586 on OGULCAN

current time: 02:11:53 04/14/2020

command line: hspicerf comp.sp -o comp

Total number of lines parsed: 397

Resource Usage for Parsing
--------------------------
| CPU Time    | 0.01 sec |
| Peak Memory | 0.03 Mb  |
|------------------------|

Source Files
---------------
| "comp.sp"   |
| "param.cir" |
| "130nm.txt" |
|-------------|

Options
------------------
| Option | Value |
|--------+-------|
| OPFILE | on    |
| POST   | 1     |
| PROBE  | on    |
|----------------|

13 unique instance models are loaded.

Resource Usage for Load Netlist Data
--------------------------
| CPU Time    | 0.00 sec |
| Peak Memory | 0.00 Mb  |
|------------------------|

Netlist Statistics
---------------------
| Type      | Count |
|-----------+-------|
| nmos      | 10    |
| pmos      | 10    |
| capacitor | 2     |
| vsrc      | 4     |
|-------------------|

Summary of Possible Problems in Netlist
-------------------------------------
| Negative resistor             | 0 |
| Negative capacitor            | 0 |
| Negative inductor             | 0 |
| Unconnected node              | 0 |
| Dangling terminal             | 0 |
| Non-rail bulk terminal        | 0 |
| Floating MOS gate             | 0 |
| Floating MOS bulk             | 0 |
| Floating BJT substrate        | 0 |
| Floating controlled input     | 0 |
| Floating current source nodes | 0 |
| Source loop                   | 0 |
|-----------------------------------|

Resource Usage for Netlist Check
--------------------------
| CPU Time    | 0.00 sec |
| Peak Memory | 0.00 Mb  |
|------------------------|

Number of nodes: 19

Total number of nodes (including internal nodes): 19

Resource Usage for Netlist Data Compression
--------------------------
| CPU Time    | 0.00 sec |
| Peak Memory | 0.00 Mb  |
|------------------------|

Simulation

Resource Usage for Operating Point
--------------------------
| CPU Time    | 0.00 sec |
| Peak Memory | 0.00 Mb  |
|------------------------|

Transient Analysis
10.0% time = 10.0 ns ( etc = 0.0 sec, ett = 0.0 sec )
( slv=766 evl=380 rej=9 mem=0 cpu=0 wall=0 )
20.0% time = 20.0 ns ( etc = 0.0 sec, ett = 0.0 sec )
( slv=1624 evl=895 rej=20 mem=0 cpu=0 wall=0 )
30.0% time = 30.0 ns ( etc = 0.0 sec, ett = 0.0 sec )
( slv=2390 evl=1289 rej=32 mem=0 cpu=0 wall=0 )
40.0% time = 40.0 ns ( etc = 0.0 sec, ett = 0.0 sec )
( slv=3147 evl=1721 rej=44 mem=0 cpu=0 wall=0 )
50.0% time = 50.0 ns ( etc = 0.0 sec, ett = 0.0 sec )
( slv=3935 evl=2167 rej=56 mem=0 cpu=0 wall=0 )
60.0% time = 60.0 ns ( etc = 0.0 sec, ett = 0.0 sec )
( slv=4978 evl=2792 rej=68 mem=0 cpu=0 wall=0 )
70.0% time = 70.0 ns ( etc = 0.0 sec, ett = 0.0 sec )
( slv=5797 evl=3279 rej=78 mem=0 cpu=0 wall=0 )
80.0% time = 80.0 ns ( etc = 0.0 sec, ett = 0.0 sec )
( slv=6439 evl=3584 rej=89 mem=0 cpu=0 wall=0 )
90.0% time = 90.0 ns ( etc = 0.0 sec, ett = 0.0 sec )
( slv=7330 evl=4106 rej=102 mem=0 cpu=0 wall=0 )
100.0% time = 100.0 ns ( etc = 0.0 sec, ett = 0.0 sec )
( slv=8125 evl=4512 rej=112 mem=0 cpu=0 wall=0 )

solve = 8125 eval = 4512 reject = 112
******
***
****** transient analysis temp= 25
******
avgpower= 6.434496e-004 from= 0.000e+000 to= 1.000e-007
offset= 3.969538e-004 from= 0.000e+000 to= 1.000e-007
rsarea= 2.648805e-010 from= 0.000e+000 to= 1.000e-007
tdlay= 6.757770e-010 targ= 4.936e-008 trig= 4.869e-008
zzztemp= 5.996030e-001 when/at=4.901e-008



Transient time = 0.531 cpu sec, 0 wall sec

Resource Usage for Transient Analysis
--------------------------
| CPU Time    | 0.54 sec |
| Peak Memory | 0.00 Mb  |
|------------------------|

--- hspicerf done [comp.sp] ---

Total time = 0.56 cpu sec

Total memory = 0.00 Mbytes





See "comp.lis" for results and statistics.
